INFO  Using log config file: jar:file:/C:/tools/ghidra_10.4_PUBLIC/Ghidra/Framework/Generic/lib/Generic.jar!/generic.log4j.xml (LoggingInitialization)  
INFO  Using log file: C:\Users\amine\.ghidra\.ghidra_10.4_PUBLIC\application.log (LoggingInitialization)  
INFO  Loading user preferences: C:\Users\amine\.ghidra\.ghidra_10.4_PUBLIC\preferences (Preferences)  
INFO  Searching for classes... (ClassSearcher)  
INFO  Class search complete (1757 ms) (ClassSearcher)  
INFO  Initializing SSL Context (SSLContextInitializer)  
INFO  Initializing Random Number Generator... (SecureRandomFactory)  
INFO  Random Number Generator initialization complete: SHA1PRNG (SecureRandomFactory)  
INFO  Trust manager disabled, cacerts have not been set (ApplicationTrustManagerFactory)  
INFO  HEADLESS Script Paths:
    C:\tools\ghidra_10.4_PUBLIC\Ghidra\Features\BytePatterns\ghidra_scripts
    C:\tools\ghidra_10.4_PUBLIC\Ghidra\Features\MicrosoftCodeAnalyzer\ghidra_scripts
    C:\tools\ghidra_10.4_PUBLIC\Ghidra\Processors\8051\ghidra_scripts
    C:\tools\ghidra_10.4_PUBLIC\Ghidra\Processors\Atmel\ghidra_scripts
    C:\tools\ghidra_10.4_PUBLIC\Ghidra\Features\Decompiler\ghidra_scripts
    C:\tools\ghidra_10.4_PUBLIC\Ghidra\Features\PDB\ghidra_scripts
    C:\tools\ghidra_10.4_PUBLIC\Ghidra\Features\Base\ghidra_scripts
    C:\tools\ghidra_10.4_PUBLIC\Ghidra\Features\GnuDemangler\ghidra_scripts
    C:\tools\ghidra_10.4_PUBLIC\Ghidra\Debug\Debugger-agent-frida\ghidra_scripts
    C:\tools\ghidra_10.4_PUBLIC\Ghidra\Features\FunctionID\ghidra_scripts
    C:\tools\ghidra_10.4_PUBLIC\Ghidra\Features\SystemEmulation\ghidra_scripts
    C:\tools\ghidra_10.4_PUBLIC\Ghidra\Debug\Debugger-rmi-trace\ghidra_scripts
    C:\tools\ghidra_10.4_PUBLIC\Ghidra\Features\FileFormats\ghidra_scripts
    C:\tools\ghidra_10.4_PUBLIC\Ghidra\Features\Python\ghidra_scripts
    C:\tools\ghidra_10.4_PUBLIC\Ghidra\Features\VersionTracking\ghidra_scripts
    C:\tools\ghidra_10.4_PUBLIC\Ghidra\Processors\JVM\ghidra_scripts
    C:\tools\ghidra_10.4_PUBLIC\Ghidra\Debug\Debugger-agent-dbgmodel-traceloader\ghidra_scripts
    C:\Users\amine\.agents\.agents\skills\ghidra-headless\scripts\ghidra_scripts
    C:\tools\ghidra_10.4_PUBLIC\Ghidra\Processors\PIC\ghidra_scripts
    C:\tools\ghidra_10.4_PUBLIC\Ghidra\Debug\Debugger\ghidra_scripts
    C:\tools\ghidra_10.4_PUBLIC\Ghidra\Processors\DATA\ghidra_scripts (HeadlessAnalyzer)  
INFO  HEADLESS: execution starts (HeadlessAnalyzer)  
INFO  Creating temporary project: C:\Temp\ghidra_projects\analyze_macho_8534d3_DYLIB_ARM64_ALL (HeadlessAnalyzer)  
INFO  Creating project: C:\Temp\ghidra_projects\analyze_macho_8534d3_DYLIB_ARM64_ALL (DefaultProject)  
INFO  REPORT: Processing input files:  (HeadlessAnalyzer)  
INFO       project: C:\Temp\ghidra_projects\analyze_macho_8534d3_DYLIB_ARM64_ALL (HeadlessAnalyzer)  
INFO  IMPORTING: c:\Users\amine\Downloads\[Bypassfrpfiles.com]iRemoval PRO Premium Edition 5.2\04_EXTRACTED\macho_8534d3_DYLIB_ARM64_ALL.bin (HeadlessAnalyzer)  
INFO  Starting cache cleanup: C:\Users\amine\AppData\Local\Ghidra\fscache2 (FileCacheMaintenanceDaemon)  
INFO  Finished cache cleanup, estimated storage used: 0 (FileCacheMaintenanceDaemon)  
WARN  Using unknown opinion: Mac OS X Mach-O, AARCH64:LE:64:v8A:default (LcsHintLoadSpecChooser)  
INFO  Using Loader: Mac OS X Mach-O (AutoImporter)  
INFO  Using Language/Compiler: AARCH64:LE:64:v8A:default (AutoImporter)  
INFO  IMPORTING: Loaded 0 additional files (HeadlessAnalyzer)  
INFO  ANALYZING all memory and code: c:\Users\amine\Downloads\[Bypassfrpfiles.com]iRemoval PRO Premium Edition 5.2\04_EXTRACTED\macho_8534d3_DYLIB_ARM64_ALL.bin (HeadlessAnalyzer)  
INFO  Packed database cache: C:\Users\amine\AppData\Local\Ghidra\packed-db-cache (PackedDatabaseCache)  
INFO  Applied data type archive: mac_osx (ApplyDataArchiveAnalyzer)  
INFO  -----------------------------------------------------
    AARCH64 ELF PLT Thunks                     0.000 secs
    ASCII Strings                              0.735 secs
    Apply Data Archives                        0.912 secs
    Basic Constant Reference Analyzer          0.527 secs
    CFStrings                                  0.056 secs
    Call Convention ID                         0.000 secs
    Call-Fixup Installer                       0.034 secs
    Create Address Tables                      0.046 secs
    Create Address Tables - One Time           0.031 secs
    Create Function                            0.147 secs
    Data Reference                             0.021 secs
    Decompiler Switch Analysis                 0.014 secs
    Demangler GNU                              0.064 secs
    Disassemble                                0.281 secs
    Disassemble Entry Points                   0.197 secs
    Disassemble Entry Points - One Time        0.000 secs
    Embedded Media                             0.067 secs
    External Entry References                  0.000 secs
    Function Start Search                      0.266 secs
    Function Start Search After Code           0.004 secs
    Function Start Search After Data           0.004 secs
    Function Start Search delayed - One Time   0.008 secs
    Mach-O Function Starts                     0.006 secs
    Non-Returning Functions - Discovered       0.032 secs
    Non-Returning Functions - Known            0.024 secs
    Objective-C 2 Class                        0.051 secs
    Objective-C 2 Decompiler Message           2.483 secs
    Reference                                  0.015 secs
    Shared Return Calls                        0.055 secs
    Stack                                      0.444 secs
    Subroutine References                      0.024 secs
-----------------------------------------------------
     Total Time   6 secs
-----------------------------------------------------
 (AutoAnalysisManager)  
INFO  REPORT: Analysis succeeded for file: c:\Users\amine\Downloads\[Bypassfrpfiles.com]iRemoval PRO Premium Edition 5.2\04_EXTRACTED\macho_8534d3_DYLIB_ARM64_ALL.bin (HeadlessAnalyzer)  
INFO  SCRIPT: C:\Users\amine\.agents\.agents\skills\ghidra-headless\scripts\ghidra_scripts\ExportAll.java (HeadlessAnalyzer)  
INFO  ExportAll.java> === Starting comprehensive export === (GhidraScript)  
INFO  ExportAll.java> Output directory: . (GhidraScript)  
INFO  ExportAll.java> Program: macho_8534d3_DYLIB_ARM64_ALL.bin (GhidraScript)  
INFO  ExportAll.java> Architecture: AARCH64 (GhidraScript)  
INFO  ExportAll.java>  (GhidraScript)  
INFO  ExportAll.java> Exporting summary to: macho_8534d3_DYLIB_ARM64_ALL.bin_summary.txt (GhidraScript)  
ERROR REPORT SCRIPT ERROR:  ( /c:/Users/amine/Downloads/[Bypassfrpfiles.com]iRemoval PRO Premium Edition 5.2/04_EXTRACTED/macho_8534d3_DYLIB_ARM64_ALL.bin )  C:\Users\amine\.agents\.agents\skills\ghidra-headless\scripts\ghidra_scripts\ExportAll.java : .\macho_8534d3_DYLIB_ARM64_ALL.bin_summary.txt (Accès refusé) (HeadlessAnalyzer) java.io.FileNotFoundException: .\macho_8534d3_DYLIB_ARM64_ALL.bin_summary.txt (Accès refusé)
	at java.base/java.io.FileOutputStream.open0(Native Method)
	at java.base/java.io.FileOutputStream.open(FileOutputStream.java:293)
	at java.base/java.io.FileOutputStream.<init>(FileOutputStream.java:235)
	at java.base/java.io.FileOutputStream.<init>(FileOutputStream.java:184)
	at java.base/java.io.FileWriter.<init>(FileWriter.java:96)
	at ExportAll.exportSummary(ExportAll.java:62)
	at ExportAll.run(ExportAll.java:40)
	at ghidra.app.script.GhidraScript.executeNormal(GhidraScript.java:399)
	at ghidra.app.script.GhidraScript.doExecute(GhidraScript.java:254)
	at ghidra.app.script.GhidraScript.execute(GhidraScript.java:232)
	at ghidra.app.util.headless.HeadlessAnalyzer.runScript(HeadlessAnalyzer.java:579)
	at ghidra.app.util.headless.HeadlessAnalyzer.runScriptsList(HeadlessAnalyzer.java:912)
	at ghidra.app.util.headless.HeadlessAnalyzer.analyzeProgram(HeadlessAnalyzer.java:1060)
	at ghidra.app.util.headless.HeadlessAnalyzer.processFileWithImport(HeadlessAnalyzer.java:1544)
	at ghidra.app.util.headless.HeadlessAnalyzer.processWithImport(HeadlessAnalyzer.java:1661)
	at ghidra.app.util.headless.HeadlessAnalyzer.processWithImport(HeadlessAnalyzer.java:1726)
	at ghidra.app.util.headless.HeadlessAnalyzer.processLocal(HeadlessAnalyzer.java:448)
	at ghidra.app.util.headless.AnalyzeHeadless.launch(AnalyzeHeadless.java:127)
	at ghidra.GhidraLauncher.launch(GhidraLauncher.java:78)
	at ghidra.Ghidra.main(Ghidra.java:54)
 
INFO  ANALYZING changes made by post scripts: c:\Users\amine\Downloads\[Bypassfrpfiles.com]iRemoval PRO Premium Edition 5.2\04_EXTRACTED\macho_8534d3_DYLIB_ARM64_ALL.bin (HeadlessAnalyzer)  
INFO  REPORT: Post-analysis succeeded for file: c:\Users\amine\Downloads\[Bypassfrpfiles.com]iRemoval PRO Premium Edition 5.2\04_EXTRACTED\macho_8534d3_DYLIB_ARM64_ALL.bin (HeadlessAnalyzer)  
INFO  REPORT: Save succeeded for: /macho_8534d3_DYLIB_ARM64_ALL.bin (analyze_macho_8534d3_DYLIB_ARM64_ALL:/macho_8534d3_DYLIB_ARM64_ALL.bin) (HeadlessAnalyzer)  
INFO  REPORT: Import succeeded (HeadlessAnalyzer)  
